<?xml version="1.0" encoding="UTF-8"?>
<!-- Generated by org.testng.reporters.JUnitXMLReporter -->
<testsuite ignored="0" hostname="DESKTOP-BQPVLVH" failures="0" tests="7" name="Default test" time="16.401" errors="0" timestamp="2023-08-30T00:18:20 EET">
  <testcase classname="tests.BookingWorkflowTest" name="flightDestination" time="1.954"/>
  <testcase classname="tests.BookingWorkflowTest" name="Click_and_open_Date_Picker" time="0.486"/>
  <testcase classname="tests.BookingWorkflowTest" name="nightStays" time="1.063"/>
  <testcase classname="tests.BookingWorkflowTest" name="flightsSearch" time="10.351"/>
  <testcase classname="tests.BookingWorkflowTest" name="verfiy_displayed_Selected_number_ofguest" time="1.117"/>
  <testcase classname="tests.BookingWorkflowTest" name="Property_rating" time="0.753"/>
  <testcase classname="tests.BookingWorkflowTest" name="verfiy_match_Property_rating" time="0.6"/>
</testsuite> <!-- Default test -->
